<?xml version="1.0" encoding="UTF-8"?>
<testng-results ignored="0" total="1" passed="1" failed="0" skipped="0">
  <reporter-output>
  </reporter-output>
  <suite started-at="2023-12-01T17:52:14 IST" name="Default suite" finished-at="2023-12-01T17:52:51 IST" duration-ms="37051">
    <groups>
    </groups>
    <test started-at="2023-12-01T17:52:14 IST" name="Default test" finished-at="2023-12-01T17:52:51 IST" duration-ms="37051">
      <class name="Test.TecovasTest">
        <test-method is-config="true" signature="setup()[pri:0, instance:Test.TecovasTest@3f6f6701]" started-at="2023-12-01T17:52:14 IST" name="setup" finished-at="2023-12-01T17:52:28 IST" duration-ms="13910" status="PASS">
          <reporter-output>
          </reporter-output>
        </test-method> <!-- setup -->
        <test-method signature="testing()[pri:0, instance:Test.TecovasTest@3f6f6701]" started-at="2023-12-01T17:52:28 IST" name="testing" finished-at="2023-12-01T17:52:51 IST" duration-ms="23090" status="PASS">
          <reporter-output>
          </reporter-output>
        </test-method> <!-- testing -->
      </class> <!-- Test.TecovasTest -->
    </test> <!-- Default test -->
  </suite> <!-- Default suite -->
</testng-results>
